[INFO] Scanning for projects...
[INFO] 
[INFO] ----------------------< com.solution-market:CRM >-----------------------
[INFO] Building Aplicacion gestion de clientes 0.0.1-SNAPSHOT
[INFO]   from pom.xml
[INFO] --------------------------------[ jar ]---------------------------------
[INFO] 
[INFO] >>> spring-boot:3.4.5:run (default-cli) > test-compile @ CRM >>>
[INFO] 
[INFO] --- resources:3.3.1:resources (default-resources) @ CRM ---
[INFO] Copying 1 resource from src/main/resources to target/classes
[INFO] Copying 0 resource from src/main/resources to target/classes
[INFO] 
[INFO] --- compiler:3.13.0:compile (default-compile) @ CRM ---
[INFO] Nothing to compile - all classes are up to date.
[INFO] 
[INFO] --- resources:3.3.1:testResources (default-testResources) @ CRM ---
[INFO] skip non existing resourceDirectory /home/pedro/ProyectoFinal/Java-Solutions-Market/CRM-BACKEND/src/test/resources
[INFO] 
[INFO] --- compiler:3.13.0:testCompile (default-testCompile) @ CRM ---
[INFO] Nothing to compile - all classes are up to date.
[INFO] 
[INFO] <<< spring-boot:3.4.5:run (default-cli) < test-compile @ CRM <<<
[INFO] 
[INFO] 
[INFO] --- spring-boot:3.4.5:run (default-cli) @ CRM ---
[INFO] Attaching agents: []

  .   ____          _            __ _ _
 /\\ / ___'_ __ _ _(_)_ __  __ _ \ \ \ \
( ( )\___ | '_ | '_| | '_ \/ _` | \ \ \ \
 \\/  ___)| |_)| | | | | || (_| |  ) ) ) )
  '  |____| .__|_| |_|_| |_\__, | / / / /
 =========|_|==============|___/=/_/_/_/

 :: Spring Boot ::                (v3.4.5)

2025-05-03T17:37:48.653+02:00  INFO 31110 --- [Aplicacion gestion de clientes] [  restartedMain] s.AplicacionGestionDeClientesApplication : Starting AplicacionGestionDeClientesApplication using Java 23.0.1 with PID 31110 (/home/pedro/ProyectoFinal/Java-Solutions-Market/CRM-BACKEND/target/classes started by pedro in /home/pedro/ProyectoFinal/Java-Solutions-Market/CRM-BACKEND)
2025-05-03T17:37:48.656+02:00  INFO 31110 --- [Aplicacion gestion de clientes] [  restartedMain] s.AplicacionGestionDeClientesApplication : No active profile set, falling back to 1 default profile: "default"
2025-05-03T17:37:48.719+02:00  INFO 31110 --- [Aplicacion gestion de clientes] [  restartedMain] .e.DevToolsPropertyDefaultsPostProcessor : Devtools property defaults active! Set 'spring.devtools.add-properties' to 'false' to disable
2025-05-03T17:37:48.719+02:00  INFO 31110 --- [Aplicacion gestion de clientes] [  restartedMain] .e.DevToolsPropertyDefaultsPostProcessor : For additional web related logging consider setting the 'logging.level.web' property to 'DEBUG'
2025-05-03T17:37:49.581+02:00  INFO 31110 --- [Aplicacion gestion de clientes] [  restartedMain] .s.d.r.c.RepositoryConfigurationDelegate : Bootstrapping Spring Data JPA repositories in DEFAULT mode.
2025-05-03T17:37:49.624+02:00  INFO 31110 --- [Aplicacion gestion de clientes] [  restartedMain] .s.d.r.c.RepositoryConfigurationDelegate : Finished Spring Data repository scanning in 35 ms. Found 1 JPA repository interface.
2025-05-03T17:37:50.226+02:00  INFO 31110 --- [Aplicacion gestion de clientes] [  restartedMain] o.s.b.w.embedded.tomcat.TomcatWebServer  : Tomcat initialized with port 8080 (http)
2025-05-03T17:37:50.249+02:00  INFO 31110 --- [Aplicacion gestion de clientes] [  restartedMain] o.apache.catalina.core.StandardService   : Starting service [Tomcat]
2025-05-03T17:37:50.249+02:00  INFO 31110 --- [Aplicacion gestion de clientes] [  restartedMain] o.apache.catalina.core.StandardEngine    : Starting Servlet engine: [Apache Tomcat/10.1.40]
2025-05-03T17:37:50.293+02:00  INFO 31110 --- [Aplicacion gestion de clientes] [  restartedMain] o.a.c.c.C.[Tomcat].[localhost].[/]       : Initializing Spring embedded WebApplicationContext
2025-05-03T17:37:50.294+02:00  INFO 31110 --- [Aplicacion gestion de clientes] [  restartedMain] w.s.c.ServletWebServerApplicationContext : Root WebApplicationContext: initialization completed in 1575 ms
2025-05-03T17:37:50.460+02:00  INFO 31110 --- [Aplicacion gestion de clientes] [  restartedMain] o.hibernate.jpa.internal.util.LogHelper  : HHH000204: Processing PersistenceUnitInfo [name: default]
2025-05-03T17:37:50.503+02:00  INFO 31110 --- [Aplicacion gestion de clientes] [  restartedMain] org.hibernate.Version                    : HHH000412: Hibernate ORM core version 6.6.13.Final
2025-05-03T17:37:50.541+02:00  INFO 31110 --- [Aplicacion gestion de clientes] [  restartedMain] o.h.c.internal.RegionFactoryInitiator    : HHH000026: Second-level cache disabled
2025-05-03T17:37:50.813+02:00  INFO 31110 --- [Aplicacion gestion de clientes] [  restartedMain] o.s.o.j.p.SpringPersistenceUnitInfo      : No LoadTimeWeaver setup: ignoring JPA class transformer
2025-05-03T17:37:50.846+02:00  INFO 31110 --- [Aplicacion gestion de clientes] [  restartedMain] com.zaxxer.hikari.HikariDataSource       : HikariPool-1 - Starting...
2025-05-03T17:37:51.242+02:00  INFO 31110 --- [Aplicacion gestion de clientes] [  restartedMain] com.zaxxer.hikari.pool.HikariPool        : HikariPool-1 - Added connection org.postgresql.jdbc.PgConnection@44a7e9d6
2025-05-03T17:37:51.243+02:00  INFO 31110 --- [Aplicacion gestion de clientes] [  restartedMain] com.zaxxer.hikari.HikariDataSource       : HikariPool-1 - Start completed.
2025-05-03T17:37:51.266+02:00  WARN 31110 --- [Aplicacion gestion de clientes] [  restartedMain] org.hibernate.orm.deprecation            : HHH90000025: PostgreSQLDialect does not need to be specified explicitly using 'hibernate.dialect' (remove the property setting and it will be selected by default)
2025-05-03T17:37:51.282+02:00  INFO 31110 --- [Aplicacion gestion de clientes] [  restartedMain] org.hibernate.orm.connections.pooling    : HHH10001005: Database info:
	Database JDBC URL [Connecting through datasource 'HikariDataSource (HikariPool-1)']
	Database driver: undefined/unknown
	Database version: 16.8
	Autocommit mode: undefined/unknown
	Isolation level: undefined/unknown
	Minimum pool size: undefined/unknown
	Maximum pool size: undefined/unknown
2025-05-03T17:37:52.176+02:00  INFO 31110 --- [Aplicacion gestion de clientes] [  restartedMain] o.h.e.t.j.p.i.JtaPlatformInitiator       : HHH000489: No JTA platform available (set 'hibernate.transaction.jta.platform' to enable JTA platform integration)
2025-05-03T17:37:52.224+02:00  INFO 31110 --- [Aplicacion gestion de clientes] [  restartedMain] j.LocalContainerEntityManagerFactoryBean : Initialized JPA EntityManagerFactory for persistence unit 'default'
2025-05-03T17:37:52.874+02:00  WARN 31110 --- [Aplicacion gestion de clientes] [  restartedMain] JpaBaseConfiguration$JpaWebConfiguration : spring.jpa.open-in-view is enabled by default. Therefore, database queries may be performed during view rendering. Explicitly configure spring.jpa.open-in-view to disable this warning
2025-05-03T17:37:53.347+02:00  INFO 31110 --- [Aplicacion gestion de clientes] [  restartedMain] o.s.b.d.a.OptionalLiveReloadServer       : LiveReload server is running on port 35729
2025-05-03T17:37:53.380+02:00  INFO 31110 --- [Aplicacion gestion de clientes] [  restartedMain] o.s.b.w.embedded.tomcat.TomcatWebServer  : Tomcat started on port 8080 (http) with context path '/'
2025-05-03T17:37:53.390+02:00  INFO 31110 --- [Aplicacion gestion de clientes] [  restartedMain] s.AplicacionGestionDeClientesApplication : Started AplicacionGestionDeClientesApplication in 5.12 seconds (process running for 5.552)
2025-05-03T17:38:59.257+02:00  INFO 31110 --- [Aplicacion gestion de clientes] [ionShutdownHook] o.s.b.w.e.tomcat.GracefulShutdown        : Commencing graceful shutdown. Waiting for active requests to complete
2025-05-03T17:38:59.263+02:00  INFO 31110 --- [Aplicacion gestion de clientes] [tomcat-shutdown] o.s.b.w.e.tomcat.GracefulShutdown        : Graceful shutdown complete
2025-05-03T17:38:59.278+02:00  INFO 31110 --- [Aplicacion gestion de clientes] [ionShutdownHook] j.LocalContainerEntityManagerFactoryBean : Closing JPA EntityManagerFactory for persistence unit 'default'
2025-05-03T17:38:59.284+02:00  INFO 31110 --- [Aplicacion gestion de clientes] [ionShutdownHook] com.zaxxer.hikari.HikariDataSource       : HikariPool-1 - Shutdown initiated...
2025-05-03T17:38:59.312+02:00  INFO 31110 --- [Aplicacion gestion de clientes] [ionShutdownHook] com.zaxxer.hikari.HikariDataSource       : HikariPool-1 - Shutdown completed.
